[2026-03-19T14:49:16.741Z] [INFO] MEXC инициализирована
[2026-03-19T14:49:16.750Z] [INFO] Gate.io инициализирована
[2026-03-19T14:49:16.752Z] [INFO] ✅ FeeCalculator инициализирован
[2026-03-19T14:49:17.036Z] [WARN] Telegram токен не указан, уведомления отключены
[2026-03-19T14:49:17.037Z] [INFO] 🚀 Запуск Trading Bot MVP (чистая версия)
[2026-03-19T14:49:17.037Z] [INFO] 
🔄 === НАЧАЛО ЦИКЛА 1 ===
[2026-03-19T14:49:17.038Z] [INFO] 
📊 [1/2] Обработка PIPPIN...
[2026-03-19T14:49:19.062Z] [INFO] ✅ PIPPIN best DEX: pippin/SOL ликв. $7183062.79
[2026-03-19T14:49:19.063Z] [INFO] 💹 PIPPIN: gateio: 📉 -0.87% (🟢 net +0.47%)
[2026-03-19T14:49:19.063Z] [INFO] ✅ PIPPIN обработан за 2025ms
[2026-03-19T14:49:19.063Z] [INFO] 
📊 [2/2] Обработка USELESS...
[2026-03-19T14:49:21.065Z] [INFO] ✅ USELESS best DEX: USELESS/SOL ликв. $1503934.27
[2026-03-19T14:49:21.065Z] [INFO] 💹 USELESS: gateio: 📈 +0.16% (🔴 net -0.24%)
[2026-03-19T14:49:21.065Z] [INFO] ✅ USELESS обработан за 2002ms
[2026-03-19T14:49:21.065Z] [INFO] 
✅ === ЦИКЛ 1 ЗАВЕРШЕН за 4028ms ===
[2026-03-19T14:49:21.065Z] [INFO] 
📊 === СТАТИСТИКА ===
[2026-03-19T14:49:21.065Z] [INFO] ⏱️  Uptime: 0.1 минут
[2026-03-19T14:49:21.065Z] [INFO] 🔄 Циклов выполнено: 1
[2026-03-19T14:49:21.065Z] [INFO] 📈 Токенов обработано: 2
[2026-03-19T14:49:21.065Z] [INFO] ⏱️  Среднее время цикла: 4028ms
[2026-03-19T14:49:21.065Z] [INFO] ⏳ Интервал между циклами: 3с
[2026-03-19T14:49:21.066Z] [INFO] ========================

[2026-03-19T14:49:21.110Z] [INFO] 
⏳ Ожидание 3с до следующего цикла (в 5:49:24 PM)
[2026-03-19T14:49:24.110Z] [INFO] 
🔄 СТАРТ НОВОГО ЦИКЛА...
[2026-03-19T14:49:24.111Z] [INFO] 
🔄 === НАЧАЛО ЦИКЛА 2 ===
[2026-03-19T14:49:24.111Z] [INFO] 
📊 [1/2] Обработка PIPPIN...
[2026-03-19T14:49:24.480Z] [INFO] ✅ PIPPIN best DEX: pippin/SOL ликв. $7183062.79
[2026-03-19T14:49:24.480Z] [INFO] 💹 PIPPIN: gateio: 📉 -0.64% (🟢 net +0.24%) | mexc: 📉 -0.57% (🟢 net +0.17%)
[2026-03-19T14:49:24.480Z] [INFO] ✅ PIPPIN обработан за 369ms
[2026-03-19T14:49:24.480Z] [INFO] 
📊 [2/2] Обработка USELESS...
[2026-03-19T14:49:24.713Z] [INFO] ✅ USELESS best DEX: USELESS/SOL ликв. $1503934.27
[2026-03-19T14:49:24.713Z] [INFO] 💹 USELESS: mexc: 📈 +0.07% (🔴 net -0.33%) | gateio: 📈 +0.03% (🔴 net -0.37%)
[2026-03-19T14:49:24.713Z] [INFO] ✅ USELESS обработан за 233ms
[2026-03-19T14:49:24.713Z] [INFO] 
✅ === ЦИКЛ 2 ЗАВЕРШЕН за 602ms ===
[2026-03-19T14:49:24.713Z] [INFO] 
📊 === СТАТИСТИКА ===
[2026-03-19T14:49:24.714Z] [INFO] ⏱️  Uptime: 0.1 минут
[2026-03-19T14:49:24.714Z] [INFO] 🔄 Циклов выполнено: 2
[2026-03-19T14:49:24.714Z] [INFO] 📈 Токенов обработано: 4
[2026-03-19T14:49:24.714Z] [INFO] ⏱️  Среднее время цикла: 2315ms
[2026-03-19T14:49:24.714Z] [INFO] ⏳ Интервал между циклами: 3с
[2026-03-19T14:49:24.714Z] [INFO] ========================

[2026-03-19T14:49:24.714Z] [INFO] 
⏳ Ожидание 3с до следующего цикла (в 5:49:27 PM)
[2026-03-19T14:49:27.716Z] [INFO] 
🔄 СТАРТ НОВОГО ЦИКЛА...
[2026-03-19T14:49:27.717Z] [INFO] 
🔄 === НАЧАЛО ЦИКЛА 3 ===
[2026-03-19T14:49:27.717Z] [INFO] 
📊 [1/2] Обработка PIPPIN...
[2026-03-19T14:49:27.955Z] [INFO] ✅ PIPPIN best DEX: pippin/SOL ликв. $7183062.79
[2026-03-19T14:49:27.955Z] [INFO] 💹 PIPPIN: mexc: 📉 -0.57% (🟢 net +0.17%) | gateio: 📉 -0.56% (🟢 net +0.16%)
[2026-03-19T14:49:27.955Z] [INFO] ✅ PIPPIN обработан за 238ms
[2026-03-19T14:49:27.955Z] [INFO] 
📊 [2/2] Обработка USELESS...
[2026-03-19T14:49:28.297Z] [INFO] ✅ USELESS best DEX: USELESS/SOL ликв. $1503934.27
[2026-03-19T14:49:28.297Z] [INFO] 💹 USELESS: gateio: 📉 -0.11% (🔴 net -0.29%) | mexc: 📉 -0.08% (🔴 net -0.32%)
[2026-03-19T14:49:28.297Z] [INFO] ✅ USELESS обработан за 342ms
[2026-03-19T14:49:28.297Z] [INFO] 
✅ === ЦИКЛ 3 ЗАВЕРШЕН за 580ms ===
[2026-03-19T14:49:28.297Z] [INFO] 
📊 === СТАТИСТИКА ===
[2026-03-19T14:49:28.297Z] [INFO] ⏱️  Uptime: 0.2 минут
[2026-03-19T14:49:28.297Z] [INFO] 🔄 Циклов выполнено: 3
[2026-03-19T14:49:28.297Z] [INFO] 📈 Токенов обработано: 6
[2026-03-19T14:49:28.297Z] [INFO] ⏱️  Среднее время цикла: 1737ms
[2026-03-19T14:49:28.297Z] [INFO] ⏳ Интервал между циклами: 3с
[2026-03-19T14:49:28.298Z] [INFO] ========================

[2026-03-19T14:49:28.298Z] [INFO] 
⏳ Ожидание 3с до следующего цикла (в 5:49:31 PM)
[2026-03-19T14:49:34.231Z] [INFO] 
🔄 СТАРТ НОВОГО ЦИКЛА...
[2026-03-19T14:49:34.232Z] [INFO] 
🔄 === НАЧАЛО ЦИКЛА 4 ===
[2026-03-19T14:49:34.232Z] [INFO] 
📊 [1/2] Обработка PIPPIN...
[2026-03-19T14:49:36.234Z] [INFO] ✅ PIPPIN best DEX: pippin/SOL ликв. $7183062.79
[2026-03-19T14:49:36.235Z] [INFO] 💹 PIPPIN: mexc: 📉 -0.57% (🟢 net +0.17%)
[2026-03-19T14:49:36.235Z] [INFO] ✅ PIPPIN обработан за 2003ms
[2026-03-19T14:49:36.235Z] [INFO] 
📊 [2/2] Обработка USELESS...
[2026-03-19T14:49:37.003Z] [INFO] ✅ USELESS best DEX: USELESS/SOL ликв. $1503934.27
[2026-03-19T14:49:37.003Z] [INFO] 💹 USELESS: gateio: 📉 -0.11% (🔴 net -0.29%) | mexc: 📉 -0.07% (🔴 net -0.33%)
[2026-03-19T14:49:37.003Z] [INFO] ✅ USELESS обработан за 768ms
[2026-03-19T14:49:37.003Z] [INFO] 
✅ === ЦИКЛ 4 ЗАВЕРШЕН за 2771ms ===
[2026-03-19T14:49:37.003Z] [INFO] 
📊 === СТАТИСТИКА ===
[2026-03-19T14:49:37.003Z] [INFO] ⏱️  Uptime: 0.3 минут
[2026-03-19T14:49:37.003Z] [INFO] 🔄 Циклов выполнено: 4
[2026-03-19T14:49:37.003Z] [INFO] 📈 Токенов обработано: 8
[2026-03-19T14:49:37.003Z] [INFO] ⏱️  Среднее время цикла: 1995ms
[2026-03-19T14:49:37.003Z] [INFO] ⏳ Интервал между циклами: 3с
[2026-03-19T14:49:37.003Z] [INFO] ========================

[2026-03-19T14:49:37.003Z] [INFO] 
⏳ Ожидание 3с до следующего цикла (в 5:49:40 PM)
[2026-03-19T14:49:40.004Z] [INFO] 
🔄 СТАРТ НОВОГО ЦИКЛА...
[2026-03-19T14:49:40.004Z] [INFO] 
🔄 === НАЧАЛО ЦИКЛА 5 ===
[2026-03-19T14:49:40.005Z] [INFO] 
📊 [1/2] Обработка PIPPIN...
[2026-03-19T14:49:40.353Z] [INFO] ✅ PIPPIN best DEX: pippin/SOL ликв. $7185485.72
[2026-03-19T14:49:40.353Z] [INFO] 💹 PIPPIN: mexc: 📉 -0.48% (🟢 net +0.08%) | gateio: 📉 -0.35% (🔴 net -0.05%)
[2026-03-19T14:49:40.353Z] [INFO] ✅ PIPPIN обработан за 348ms
[2026-03-19T14:49:40.353Z] [INFO] 
📊 [2/2] Обработка USELESS...
[2026-03-19T14:49:40.699Z] [INFO] ✅ USELESS best DEX: USELESS/SOL ликв. $1503934.27
[2026-03-19T14:49:40.699Z] [INFO] 💹 USELESS: gateio: 📉 -0.11% (🔴 net -0.29%) | mexc: 📉 -0.07% (🔴 net -0.33%)
[2026-03-19T14:49:40.699Z] [INFO] ✅ USELESS обработан за 346ms
[2026-03-19T14:49:40.699Z] [INFO] 
✅ === ЦИКЛ 5 ЗАВЕРШЕН за 695ms ===
[2026-03-19T14:49:40.699Z] [INFO] 
📊 === СТАТИСТИКА ===
[2026-03-19T14:49:40.699Z] [INFO] ⏱️  Uptime: 0.4 минут
[2026-03-19T14:49:40.699Z] [INFO] 🔄 Циклов выполнено: 5
[2026-03-19T14:49:40.699Z] [INFO] 📈 Токенов обработано: 10
[2026-03-19T14:49:40.699Z] [INFO] ⏱️  Среднее время цикла: 1735ms
[2026-03-19T14:49:40.699Z] [INFO] ⏳ Интервал между циклами: 3с
[2026-03-19T14:49:40.699Z] [INFO] ========================

[2026-03-19T14:49:40.699Z] [INFO] 
⏳ Ожидание 3с до следующего цикла (в 5:49:43 PM)
[2026-03-19T14:49:43.700Z] [INFO] 
🔄 СТАРТ НОВОГО ЦИКЛА...
[2026-03-19T14:49:43.701Z] [INFO] 
🔄 === НАЧАЛО ЦИКЛА 6 ===
[2026-03-19T14:49:43.701Z] [INFO] 
📊 [1/2] Обработка PIPPIN...
[2026-03-19T14:49:44.085Z] [INFO] ✅ PIPPIN best DEX: pippin/SOL ликв. $7185485.72
[2026-03-19T14:49:44.085Z] [INFO] 💹 PIPPIN: mexc: 📉 -0.48% (🟢 net +0.08%) | gateio: 📉 -0.43% (🟢 net +0.03%)
[2026-03-19T14:49:44.085Z] [INFO] ✅ PIPPIN обработан за 384ms
[2026-03-19T14:49:44.085Z] [INFO] 
📊 [2/2] Обработка USELESS...
[2026-03-19T14:49:44.434Z] [INFO] ✅ USELESS best DEX: USELESS/SOL ликв. $1503934.27
[2026-03-19T14:49:44.434Z] [INFO] 💹 USELESS: gateio: 📉 -0.11% (🔴 net -0.29%) | mexc: 📉 -0.07% (🔴 net -0.33%)
[2026-03-19T14:49:44.434Z] [INFO] ✅ USELESS обработан за 349ms
[2026-03-19T14:49:44.434Z] [INFO] 
✅ === ЦИКЛ 6 ЗАВЕРШЕН за 733ms ===
[2026-03-19T14:49:44.434Z] [INFO] 
📊 === СТАТИСТИКА ===
[2026-03-19T14:49:44.434Z] [INFO] ⏱️  Uptime: 0.5 минут
[2026-03-19T14:49:44.434Z] [INFO] 🔄 Циклов выполнено: 6
[2026-03-19T14:49:44.434Z] [INFO] 📈 Токенов обработано: 12
[2026-03-19T14:49:44.434Z] [INFO] ⏱️  Среднее время цикла: 1568ms
[2026-03-19T14:49:44.434Z] [INFO] ⏳ Интервал между циклами: 3с
[2026-03-19T14:49:44.434Z] [INFO] ========================

[2026-03-19T14:49:44.434Z] [INFO] 
⏳ Ожидание 3с до следующего цикла (в 5:49:47 PM)
[2026-03-19T14:49:45.657Z] [INFO] Получен сигнал SIGINT, останавливаемся...
[2026-03-19T14:49:45.658Z] [INFO] 
📊 === СТАТИСТИКА ===
[2026-03-19T14:49:45.658Z] [INFO] ⏱️  Uptime: 0.5 минут
[2026-03-19T14:49:45.658Z] [INFO] 🔄 Циклов выполнено: 6
[2026-03-19T14:49:45.658Z] [INFO] 📈 Токенов обработано: 12
[2026-03-19T14:49:45.658Z] [INFO] ⏱️  Среднее время цикла: 1568ms
[2026-03-19T14:49:45.658Z] [INFO] ⏳ Интервал между циклами: 3с
[2026-03-19T14:49:45.658Z] [INFO] ========================

[2026-03-19T14:49:45.658Z] [INFO] 🛑 Оркестратор остановлен
[2026-03-19T15:03:54.789Z] [INFO] MEXC инициализирована
[2026-03-19T15:03:54.799Z] [INFO] Gate.io инициализирована
[2026-03-19T15:03:55.103Z] [WARN] Telegram токен не указан, уведомления отключены
[2026-03-19T15:03:55.105Z] [INFO] 🚀 Запуск Trading Bot MVP (чистая версия)
[2026-03-19T15:03:55.105Z] [INFO] 
🔄 === НАЧАЛО ЦИКЛА 1 ===
[2026-03-19T15:03:55.105Z] [INFO] 
📊 [1/2] Обработка PIPPIN...
[2026-03-19T15:03:57.126Z] [INFO] ✅ PIPPIN best DEX: pippin/SOL ликв. $7244310.11
[2026-03-19T15:03:57.126Z] [INFO] 💹 PIPPIN: gateio: 📉 -0.59% (🟢 net +0.19%)
[2026-03-19T15:03:57.127Z] [INFO] ✅ PIPPIN обработан за 2021ms
[2026-03-19T15:03:57.127Z] [INFO] 
📊 [2/2] Обработка USELESS...
[2026-03-19T15:03:59.128Z] [INFO] ✅ USELESS best DEX: USELESS/SOL ликв. $1502111.4
[2026-03-19T15:03:59.128Z] [INFO] 💹 USELESS: gateio: 📉 -0.57% (🟢 net +0.17%)
[2026-03-19T15:03:59.128Z] [INFO] ✅ USELESS обработан за 2001ms
[2026-03-19T15:03:59.128Z] [INFO] 
✅ === ЦИКЛ 1 ЗАВЕРШЕН за 4023ms ===
[2026-03-19T15:03:59.129Z] [INFO] 
📊 === СТАТИСТИКА ===
[2026-03-19T15:03:59.129Z] [INFO] ⏱️  Uptime: 0.1 минут
[2026-03-19T15:03:59.129Z] [INFO] 🔄 Циклов выполнено: 1
[2026-03-19T15:03:59.129Z] [INFO] 📈 Токенов обработано: 2
[2026-03-19T15:03:59.129Z] [INFO] ⏱️  Среднее время цикла: 4023ms
[2026-03-19T15:03:59.129Z] [INFO] ⏳ Интервал между циклами: 3с
[2026-03-19T15:03:59.129Z] [INFO] ========================

[2026-03-19T15:03:59.164Z] [INFO] 
⏳ Ожидание 3с до следующего цикла (в 6:04:02 PM)
[2026-03-19T15:04:02.165Z] [INFO] 
🔄 СТАРТ НОВОГО ЦИКЛА...
[2026-03-19T15:04:02.165Z] [INFO] 
🔄 === НАЧАЛО ЦИКЛА 2 ===
[2026-03-19T15:04:02.165Z] [INFO] 
📊 [1/2] Обработка PIPPIN...
[2026-03-19T15:04:04.168Z] [INFO] ✅ PIPPIN best DEX: pippin/SOL ликв. $7244310.11
[2026-03-19T15:04:04.168Z] [INFO] 💹 PIPPIN: gateio: 📉 -0.48% (🟢 net +0.08%)
[2026-03-19T15:04:04.168Z] [INFO] ✅ PIPPIN обработан за 2003ms
[2026-03-19T15:04:04.168Z] [INFO] 
📊 [2/2] Обработка USELESS...
[2026-03-19T15:04:05.249Z] [INFO] ✅ USELESS best DEX: USELESS/SOL ликв. $1502111.4
[2026-03-19T15:04:05.249Z] [INFO] 💹 USELESS: mexc: 📉 -0.85% (🟢 net +0.45%) | gateio: 📉 -0.57% (🟢 net +0.17%)
[2026-03-19T15:04:05.249Z] [INFO] ✅ USELESS обработан за 1081ms
[2026-03-19T15:04:05.249Z] [INFO] 
✅ === ЦИКЛ 2 ЗАВЕРШЕН за 3084ms ===
[2026-03-19T15:04:05.249Z] [INFO] 
📊 === СТАТИСТИКА ===
[2026-03-19T15:04:05.249Z] [INFO] ⏱️  Uptime: 0.2 минут
[2026-03-19T15:04:05.249Z] [INFO] 🔄 Циклов выполнено: 2
[2026-03-19T15:04:05.249Z] [INFO] 📈 Токенов обработано: 4
[2026-03-19T15:04:05.249Z] [INFO] ⏱️  Среднее время цикла: 3554ms
[2026-03-19T15:04:05.249Z] [INFO] ⏳ Интервал между циклами: 3с
[2026-03-19T15:04:05.249Z] [INFO] ========================

[2026-03-19T15:04:05.249Z] [INFO] 
⏳ Ожидание 3с до следующего цикла (в 6:04:08 PM)
[2026-03-19T15:04:08.249Z] [INFO] 
🔄 СТАРТ НОВОГО ЦИКЛА...
[2026-03-19T15:04:08.250Z] [INFO] 
🔄 === НАЧАЛО ЦИКЛА 3 ===
[2026-03-19T15:04:08.250Z] [INFO] 
📊 [1/2] Обработка PIPPIN...
[2026-03-19T15:04:08.611Z] [INFO] ✅ PIPPIN best DEX: pippin/SOL ликв. $7244310.11
[2026-03-19T15:04:08.611Z] [INFO] 💹 PIPPIN: mexc: 📉 -0.70% (🟢 net +0.30%) | gateio: 📉 -0.57% (🟢 net +0.17%)
[2026-03-19T15:04:08.611Z] [INFO] ✅ PIPPIN обработан за 361ms
[2026-03-19T15:04:08.611Z] [INFO] 
📊 [2/2] Обработка USELESS...
[2026-03-19T15:04:08.959Z] [INFO] ✅ USELESS best DEX: USELESS/SOL ликв. $1502111.4
[2026-03-19T15:04:08.960Z] [INFO] 💹 USELESS: mexc: 📉 -0.85% (🟢 net +0.45%) | gateio: 📉 -0.57% (🟢 net +0.17%)
[2026-03-19T15:04:08.960Z] [INFO] ✅ USELESS обработан за 349ms
[2026-03-19T15:04:08.960Z] [INFO] 
✅ === ЦИКЛ 3 ЗАВЕРШЕН за 710ms ===
[2026-03-19T15:04:08.960Z] [INFO] 
📊 === СТАТИСТИКА ===
[2026-03-19T15:04:08.960Z] [INFO] ⏱️  Uptime: 0.2 минут
[2026-03-19T15:04:08.960Z] [INFO] 🔄 Циклов выполнено: 3
[2026-03-19T15:04:08.960Z] [INFO] 📈 Токенов обработано: 6
[2026-03-19T15:04:08.960Z] [INFO] ⏱️  Среднее время цикла: 2606ms
[2026-03-19T15:04:08.960Z] [INFO] ⏳ Интервал между циклами: 3с
[2026-03-19T15:04:08.960Z] [INFO] ========================

[2026-03-19T15:04:08.960Z] [INFO] 
⏳ Ожидание 3с до следующего цикла (в 6:04:11 PM)
[2026-03-19T15:04:14.898Z] [INFO] 
🔄 СТАРТ НОВОГО ЦИКЛА...
[2026-03-19T15:04:14.898Z] [INFO] 
🔄 === НАЧАЛО ЦИКЛА 4 ===
[2026-03-19T15:04:14.898Z] [INFO] 
📊 [1/2] Обработка PIPPIN...
[2026-03-19T15:04:16.901Z] [INFO] ✅ PIPPIN best DEX: pippin/SOL ликв. $7244310.11
[2026-03-19T15:04:16.901Z] [INFO] 💹 PIPPIN: mexc: 📉 -0.70% (🟢 net +0.30%)
[2026-03-19T15:04:16.902Z] [INFO] ✅ PIPPIN обработан за 2004ms
[2026-03-19T15:04:16.902Z] [INFO] 
📊 [2/2] Обработка USELESS...
[2026-03-19T15:04:17.893Z] [INFO] ✅ USELESS best DEX: USELESS/SOL ликв. $1502111.4
[2026-03-19T15:04:17.894Z] [INFO] 💹 USELESS: mexc: 📉 -0.85% (🟢 net +0.45%) | gateio: 📉 -0.57% (🟢 net +0.17%)
[2026-03-19T15:04:17.894Z] [INFO] ✅ USELESS обработан за 992ms
[2026-03-19T15:04:17.894Z] [INFO] 
✅ === ЦИКЛ 4 ЗАВЕРШЕН за 2996ms ===
[2026-03-19T15:04:17.894Z] [INFO] 
📊 === СТАТИСТИКА ===
[2026-03-19T15:04:17.894Z] [INFO] ⏱️  Uptime: 0.4 минут
[2026-03-19T15:04:17.894Z] [INFO] 🔄 Циклов выполнено: 4
[2026-03-19T15:04:17.894Z] [INFO] 📈 Токенов обработано: 8
[2026-03-19T15:04:17.894Z] [INFO] ⏱️  Среднее время цикла: 2703ms
[2026-03-19T15:04:17.894Z] [INFO] ⏳ Интервал между циклами: 3с
[2026-03-19T15:04:17.894Z] [INFO] ========================

[2026-03-19T15:04:17.894Z] [INFO] 
⏳ Ожидание 3с до следующего цикла (в 6:04:20 PM)
[2026-03-19T15:04:20.161Z] [INFO] Получен сигнал SIGINT, останавливаемся...
[2026-03-19T15:04:20.161Z] [INFO] 
📊 === СТАТИСТИКА ===
[2026-03-19T15:04:20.161Z] [INFO] ⏱️  Uptime: 0.4 минут
[2026-03-19T15:04:20.161Z] [INFO] 🔄 Циклов выполнено: 4
[2026-03-19T15:04:20.162Z] [INFO] 📈 Токенов обработано: 8
[2026-03-19T15:04:20.162Z] [INFO] ⏱️  Среднее время цикла: 2703ms
[2026-03-19T15:04:20.162Z] [INFO] ⏳ Интервал между циклами: 3с
[2026-03-19T15:04:20.162Z] [INFO] ========================

[2026-03-19T15:04:20.162Z] [INFO] 🛑 Оркестратор остановлен
[2026-03-19T15:08:09.160Z] [INFO] MEXC инициализирована
[2026-03-19T15:08:09.169Z] [INFO] Gate.io инициализирована
[2026-03-19T15:08:09.470Z] [WARN] Telegram токен не указан, уведомления отключены
[2026-03-19T15:08:09.472Z] [INFO] 🚀 Запуск Trading Bot MVP (чистая версия)
[2026-03-19T15:08:09.473Z] [INFO] 
🔄 === НАЧАЛО ЦИКЛА 1 ===
[2026-03-19T15:08:09.473Z] [INFO] 
📊 [1/2] Обработка PIPPIN...
[2026-03-19T15:08:11.525Z] [INFO] ✅ PIPPIN best DEX: pippin/SOL ликв. $7274602.28
[2026-03-19T15:08:11.525Z] [INFO] 💹 PIPPIN: gateio: 📉 -0.57% (🟢 net +0.17%)
[2026-03-19T15:08:11.525Z] [INFO] ✅ PIPPIN обработан за 2052ms
[2026-03-19T15:08:11.526Z] [INFO] 
📊 [2/2] Обработка USELESS...
[2026-03-19T15:08:13.527Z] [INFO] ✅ USELESS best DEX: USELESS/SOL ликв. $1515116.31
[2026-03-19T15:08:13.527Z] [INFO] 💹 USELESS: gateio: 📈 +0.08% (🔴 net -0.32%)
[2026-03-19T15:08:13.536Z] [INFO] ✅ USELESS обработан за 2010ms
[2026-03-19T15:08:13.536Z] [INFO] 
✅ === ЦИКЛ 1 ЗАВЕРШЕН за 4063ms ===
[2026-03-19T15:08:13.537Z] [INFO] 
📊 === СТАТИСТИКА ===
[2026-03-19T15:08:13.537Z] [INFO] ⏱️  Uptime: 0.1 минут
[2026-03-19T15:08:13.537Z] [INFO] 🔄 Циклов выполнено: 1
[2026-03-19T15:08:13.537Z] [INFO] 📈 Токенов обработано: 2
[2026-03-19T15:08:13.538Z] [INFO] ⏱️  Среднее время цикла: 4063ms
[2026-03-19T15:08:13.538Z] [INFO] ⏳ Интервал между циклами: 3с
[2026-03-19T15:08:13.538Z] [INFO] ========================

[2026-03-19T15:08:13.571Z] [INFO] 
⏳ Ожидание 3с до следующего цикла (в 6:08:16 PM)
[2026-03-19T15:08:15.212Z] [INFO] Получен сигнал SIGINT, останавливаемся...
[2026-03-19T15:08:15.213Z] [INFO] 
📊 === СТАТИСТИКА ===
[2026-03-19T15:08:15.213Z] [INFO] ⏱️  Uptime: 0.1 минут
[2026-03-19T15:08:15.213Z] [INFO] 🔄 Циклов выполнено: 1
[2026-03-19T15:08:15.213Z] [INFO] 📈 Токенов обработано: 2
[2026-03-19T15:08:15.213Z] [INFO] ⏱️  Среднее время цикла: 4063ms
[2026-03-19T15:08:15.213Z] [INFO] ⏳ Интервал между циклами: 3с
[2026-03-19T15:08:15.213Z] [INFO] ========================

[2026-03-19T15:08:15.213Z] [INFO] 🛑 Оркестратор остановлен
[2026-03-19T15:17:29.551Z] [INFO] MEXC инициализирована
[2026-03-19T15:17:29.560Z] [INFO] Gate.io инициализирована
[2026-03-19T15:17:29.784Z] [WARN] Telegram токен не указан, уведомления отключены
[2026-03-19T15:17:29.785Z] [INFO] 🚀 Запуск Trading Bot MVP (чистая версия)
[2026-03-19T15:17:29.786Z] [INFO] 
🔄 === НАЧАЛО ЦИКЛА 1 ===
[2026-03-19T15:17:29.786Z] [INFO] 
📊 [1/2] Обработка PIPPIN...
[2026-03-19T15:17:31.814Z] [INFO] ✅ PIPPIN best DEX: pippin/SOL ликв. $7212467.19
[2026-03-19T15:17:31.815Z] [INFO] 💹 PIPPIN: gateio: 📉 -0.24% (🔴 net -0.16%)
[2026-03-19T15:17:31.815Z] [INFO] ✅ PIPPIN обработан за 2029ms
[2026-03-19T15:17:31.815Z] [INFO] 
📊 [2/2] Обработка USELESS...
[2026-03-19T15:17:33.817Z] [INFO] ✅ USELESS best DEX: USELESS/SOL ликв. $1516150.76
[2026-03-19T15:17:33.817Z] [INFO] 💹 USELESS: gateio: 📈 +0.38% (🔴 net -0.02%)
[2026-03-19T15:17:33.817Z] [INFO] ✅ USELESS обработан за 2002ms
[2026-03-19T15:17:33.817Z] [INFO] 
✅ === ЦИКЛ 1 ЗАВЕРШЕН за 4031ms ===
[2026-03-19T15:17:33.817Z] [INFO] 
📊 === СТАТИСТИКА ===
[2026-03-19T15:17:33.818Z] [INFO] ⏱️  Uptime: 0.1 минут
[2026-03-19T15:17:33.818Z] [INFO] 🔄 Циклов выполнено: 1
[2026-03-19T15:17:33.818Z] [INFO] 📈 Токенов обработано: 2
[2026-03-19T15:17:33.818Z] [INFO] ⏱️  Среднее время цикла: 4031ms
[2026-03-19T15:17:33.818Z] [INFO] ⏳ Интервал между циклами: 3с
[2026-03-19T15:17:33.818Z] [INFO] ========================

[2026-03-19T15:17:33.872Z] [INFO] 
⏳ Ожидание 3с до следующего цикла (в 6:17:36 PM)
[2026-03-19T15:17:36.873Z] [INFO] 
🔄 СТАРТ НОВОГО ЦИКЛА...
[2026-03-19T15:17:36.873Z] [INFO] 
🔄 === НАЧАЛО ЦИКЛА 2 ===
[2026-03-19T15:17:36.873Z] [INFO] 
📊 [1/2] Обработка PIPPIN...
[2026-03-19T15:17:38.874Z] [INFO] ✅ PIPPIN best DEX: pippin/SOL ликв. $7212467.19
[2026-03-19T15:17:38.875Z] [INFO] 💹 PIPPIN: gateio: 📉 -0.37% (🔴 net -0.03%)
[2026-03-19T15:17:38.875Z] [INFO] ✅ PIPPIN обработан за 2002ms
[2026-03-19T15:17:38.875Z] [INFO] 
📊 [2/2] Обработка USELESS...
[2026-03-19T15:17:42.506Z] [INFO] ✅ USELESS best DEX: USELESS/SOL ликв. $1516150.76
[2026-03-19T15:17:42.507Z] [INFO] 💹 USELESS: gateio: 📈 +0.38% (🔴 net -0.02%) | mexc: 📉 -0.15% (🔴 net -0.25%)
[2026-03-19T15:17:42.507Z] [INFO] ✅ USELESS обработан за 3631ms
[2026-03-19T15:17:42.507Z] [INFO] 
✅ === ЦИКЛ 2 ЗАВЕРШЕН за 5634ms ===
[2026-03-19T15:17:42.507Z] [INFO] 
📊 === СТАТИСТИКА ===
[2026-03-19T15:17:42.507Z] [INFO] ⏱️  Uptime: 0.2 минут
[2026-03-19T15:17:42.507Z] [INFO] 🔄 Циклов выполнено: 2
[2026-03-19T15:17:42.507Z] [INFO] 📈 Токенов обработано: 4
[2026-03-19T15:17:42.507Z] [INFO] ⏱️  Среднее время цикла: 4833ms
[2026-03-19T15:17:42.507Z] [INFO] ⏳ Интервал между циклами: 3с
[2026-03-19T15:17:42.507Z] [INFO] ========================

[2026-03-19T15:17:42.507Z] [INFO] 
⏳ Ожидание 3с до следующего цикла (в 6:17:45 PM)
[2026-03-19T15:17:42.541Z] [INFO] Получен сигнал SIGINT, останавливаемся...
[2026-03-19T15:17:42.542Z] [INFO] 
📊 === СТАТИСТИКА ===
[2026-03-19T15:17:42.542Z] [INFO] ⏱️  Uptime: 0.2 минут
[2026-03-19T15:17:42.542Z] [INFO] 🔄 Циклов выполнено: 2
[2026-03-19T15:17:42.542Z] [INFO] 📈 Токенов обработано: 4
[2026-03-19T15:17:42.542Z] [INFO] ⏱️  Среднее время цикла: 4833ms
[2026-03-19T15:17:42.542Z] [INFO] ⏳ Интервал между циклами: 3с
[2026-03-19T15:17:42.542Z] [INFO] ========================

[2026-03-19T15:17:42.542Z] [INFO] 🛑 Оркестратор остановлен
